<?xml version="1.0" encoding="UTF-8"?>
<testng-results skipped="0" failed="0" ignored="0" total="1" passed="1">
  <reporter-output>
  </reporter-output>
  <suite name="Default suite" duration-ms="6652" started-at="2017-11-13T07:31:18Z" finished-at="2017-11-13T07:31:25Z">
    <groups>
    </groups>
    <test name="Default test" duration-ms="6652" started-at="2017-11-13T07:31:18Z" finished-at="2017-11-13T07:31:25Z">
      <class name="test.project.Demo_project.Demo_Class1">
        <test-method status="PASS" signature="beforeTest()[pri:0, instance:test.project.Demo_project.Demo_Class1@b30d53c]" name="beforeTest" is-config="true" duration-ms="5079" started-at="2017-11-13T13:01:18Z" finished-at="2017-11-13T13:01:23Z">
          <reporter-output>
          </reporter-output>
        </test-method> <!-- beforeTest -->
        <test-method status="PASS" signature="f()[pri:0, instance:test.project.Demo_project.Demo_Class1@b30d53c]" name="f" duration-ms="940" started-at="2017-11-13T13:01:23Z" finished-at="2017-11-13T13:01:24Z">
          <reporter-output>
          </reporter-output>
        </test-method> <!-- f -->
        <test-method status="PASS" signature="afterTest()[pri:0, instance:test.project.Demo_project.Demo_Class1@b30d53c]" name="afterTest" is-config="true" duration-ms="579" started-at="2017-11-13T13:01:24Z" finished-at="2017-11-13T13:01:25Z">
          <reporter-output>
          </reporter-output>
        </test-method> <!-- afterTest -->
      </class> <!-- test.project.Demo_project.Demo_Class1 -->
    </test> <!-- Default test -->
  </suite> <!-- Default suite -->
</testng-results>
