<?xml version="1.0" encoding="UTF-8"?>
<testng-results skipped="0" failed="0" ignored="0" total="1" passed="1">
  <reporter-output>
  </reporter-output>
  <suite name="Default suite" duration-ms="6710" started-at="2017-11-13T11:30:11Z" finished-at="2017-11-13T11:30:18Z">
    <groups>
    </groups>
    <test name="Default test" duration-ms="6710" started-at="2017-11-13T11:30:11Z" finished-at="2017-11-13T11:30:18Z">
      <class name="test.project.Demo_project.Demo_Class1">
        <test-method status="PASS" signature="beforeTest()[pri:0, instance:test.project.Demo_project.Demo_Class1@32ff5be1]" name="beforeTest" is-config="true" duration-ms="4027" started-at="2017-11-13T17:00:11Z" finished-at="2017-11-13T17:00:15Z">
          <reporter-output>
          </reporter-output>
        </test-method> <!-- beforeTest -->
        <test-method status="PASS" signature="f()[pri:0, instance:test.project.Demo_project.Demo_Class1@32ff5be1]" name="f" duration-ms="2057" started-at="2017-11-13T17:00:15Z" finished-at="2017-11-13T17:00:17Z">
          <reporter-output>
          </reporter-output>
        </test-method> <!-- f -->
        <test-method status="PASS" signature="afterTest()[pri:0, instance:test.project.Demo_project.Demo_Class1@32ff5be1]" name="afterTest" is-config="true" duration-ms="567" started-at="2017-11-13T17:00:17Z" finished-at="2017-11-13T17:00:18Z">
          <reporter-output>
          </reporter-output>
        </test-method> <!-- afterTest -->
      </class> <!-- test.project.Demo_project.Demo_Class1 -->
    </test> <!-- Default test -->
  </suite> <!-- Default suite -->
</testng-results>
